#
# A fatal error has been detected by the Java Runtime Environment:
#
#  SIGSEGV (0xb) at pc=0x00007fff8d529fcf, pid=8540, tid=8463
#
# JRE version: Java(TM) SE Runtime Environment (8.0_60-b27) (build 1.8.0_60-b27)
# Java VM: Java HotSpot(TM) 64-Bit Server VM (25.60-b23 mixed mode bsd-amd64 compressed oops)
# Problematic frame:
# C  [libsystem_platform.dylib+0xfcf]  OSSpinLockLock+0x7
#
# Failed to write core dump. Core dumps have been disabled. To enable core dumping, try "ulimit -c unlimited" before starting Java again
#
# If you would like to submit a bug report, please visit:
#   http://bugreport.java.com/bugreport/crash.jsp
# The crash happened outside the Java Virtual Machine in native code.
# See problematic frame for where to report the bug.
#

---------------  T H R E A D  ---------------

Current thread (0x00007fa73a219000):  JavaThread "JavaFX Application Thread" [_thread_in_native, id=8463, stack(0x00007fff50030000,0x00007fff50830000)]

siginfo: si_signo: 11 (SIGSEGV), si_code: 1 (SEGV_MAPERR), si_addr: 0x000000000000000c

Registers:
RAX=0x0000000000000000, RBX=0x0000000000000000, RCX=0x00000000ffffffff, RDX=0x0000000000000000
RSP=0x00007fff508294c8, RBP=0x00007fff508294f0, RSI=0x00007fa738c73380, RDI=0x000000000000000c
R8 =0x0000000000001e0b, R9 =0x0000000000000000, R10=0x0000000000000034, R11=0x0000000000000206
R12=0x00007fa738cd70d0, R13=0x0000000000000000, R14=0x000000000000000c, R15=0x00007fa738c73380
RIP=0x00007fff8d529fcf, EFLAGS=0x0000000000010246, ERR=0x0000000000000006
  TRAPNO=0x000000000000000e

Top of Stack: (sp=0x00007fff508294c8)
0x00007fff508294c8:   00007fff91774f47 00007fa738c73380
0x00007fff508294d8:   00007fa738cd70d0 00007fa738cd7228
0x00007fff508294e8:   0000000080000802 00007fff50829510
0x00007fff508294f8:   00007fff91774f21 0000000000000000
0x00007fff50829508:   00007fa738cd7230 00007fff50829750
0x00007fff50829518:   00007fff8a5ae663 0000000000000000
0x00007fff50829528:   4057800000000000 40e30b0000000000
0x00007fff50829538:   40e5f64000000000 00007fff50829990
0x00007fff50829548:   00007fff920e0e8f 0000000000001e90
0x00007fff50829558:   00007fa73900a208 00007fff508295d0
0x00007fff50829568:   2ba980588f5a3c70 0000000000000002
0x00007fff50829578:   00007fa738cd7178 00000000018295fc
0x00007fff50829588:   4000000000000000 00007fa738cd70e0
0x00007fff50829598:   000015f738c72ce0 40d0000080000802
0x00007fff508295a8:   00031eeb00000040 00007fa738c72cf8
0x00007fff508295b8:   00007fa738c72ce0 0000000000000000
0x00007fff508295c8:   00007fff50829700 0000000000000000
0x00007fff508295d8:   00007fff91f4406f 00007fff50829ad0
0x00007fff508295e8:   00007fff9235816a 04280a8000000001
0x00007fff508295f8:   4000000000000000 0000000000000000
0x00007fff50829608:   0000000000000000 40f30b0000000000
0x00007fff50829618:   40f5f64000000000 0000000000000000
0x00007fff50829628:   4036000000000000 40e30b0000000000
0x00007fff50829638:   40e5f64000000000 0000000000000000
0x00007fff50829648:   4052000000000000 0000000000000000
0x00007fff50829658:   0000000000000000 40e30b0000000000
0x00007fff50829668:   00007fa738f3f0d0 0000000000000000
0x00007fff50829678:   4057800000000000 40e30b0000000000
0x00007fff50829688:   40e5f64000000000 0000000000000000
0x00007fff50829698:   0000000150829890 00007fff04280a80
0x00007fff508296a8:   00007fff8dcef539 0000000000000000
0x00007fff508296b8:   0000000000000000 00007fff7532a990 

Instructions: (pc=0x00007fff8d529fcf)
0x00007fff8d529faf:   8b 43 20 48 85 c0 74 0a 48 8b 00 48 89 05 d7 44
0x00007fff8d529fbf:   29 e7 48 83 c4 08 5b 5d c3 b9 ff ff ff ff 31 c0
0x00007fff8d529fcf:   f0 0f b1 0f 85 c0 74 05 e9 12 28 00 00 c3 31 c0
0x00007fff8d529fdf:   89 07 c3 90 90 90 90 90 90 90 90 90 90 90 90 90 

Register to memory mapping:

RAX=0x0000000000000000 is an unknown value
RBX=0x0000000000000000 is an unknown value
RCX=0x00000000ffffffff is an unknown value
RDX=0x0000000000000000 is an unknown value
RSP=0x00007fff508294c8 is pointing into the stack for thread: 0x00007fa73a219000
RBP=0x00007fff508294f0 is pointing into the stack for thread: 0x00007fa73a219000
RSI=0x00007fa738c73380 is an unknown value
RDI=0x000000000000000c is an unknown value
R8 =0x0000000000001e0b is an unknown value
R9 =0x0000000000000000 is an unknown value
R10=0x0000000000000034 is an unknown value
R11=0x0000000000000206 is an unknown value
R12=0x00007fa738cd70d0 is an unknown value
R13=0x0000000000000000 is an unknown value
R14=0x000000000000000c is an unknown value
R15=0x00007fa738c73380 is an unknown value


Stack: [0x00007fff50030000,0x00007fff50830000],  sp=0x00007fff508294c8,  free space=8165k
Native frames: (J=compiled Java code, j=interpreted, Vv=VM code, C=native code)
C  [libsystem_platform.dylib+0xfcf]  OSSpinLockLock+0x7
C  [CoreGraphics+0x3cf21]  CGSSetWindowColorSpace+0x1b
C  [QuartzCore+0xb663]  CAViewUpdate+0xe9f
C  [AppKit+0x48582]  -[NSView(NSInternal) _updateLayerTreeRenderer]+0x77b
C  [AppKit+0x27d0e5]  -[NSSurface _windowDidChangeScreens:]+0x3a
C  [CoreFoundation+0x12045c]  __CFNOTIFICATIONCENTER_IS_CALLING_OUT_TO_AN_OBSERVER__+0xc
C  [CoreFoundation+0x10634]  _CFXNotificationPost+0xc44
C  [Foundation+0x7aa1]  -[NSNotificationCenter postNotificationName:object:userInfo:]+0x42
C  [AppKit+0xecbdb]  NSPerformWithScreenUpdatesDisabled+0x41
C  [AppKit+0xd64c6]  -[NSWindow _updateSettingsSendingScreenChangeNotificationIfNeeded:]+0x16e
C  [AppKit+0xd3b54]  -[NSWindow _setFrame:updateBorderViewSize:]+0x44b
C  [AppKit+0xd312c]  -[NSWindow _oldPlaceWindow:]+0x45e
C  [AppKit+0xd251d]  -[NSWindow _setFrameCommon:display:stashSize:]+0xa02
C  [AppKit+0x18f895]  -[NSWindow setFrame:display:animate:]+0x93
C  [libglass.dylib+0x249a6]  -[GlassWindow(Java) _setFlipFrame:display:animate:]+0xc6
C  [libglass.dylib+0x2448c]  -[GlassWindow(Java) _setWindowFrameWithRect:withDisplay:withAnimate:]+0x9c
C  [libglass.dylib+0x2470e]  -[GlassWindow(Java) _setBounds:y:xSet:ySet:w:h:cw:ch:]+0x26e
C  [libglass.dylib+0x291a2]  Java_com_sun_glass_ui_mac_MacWindow__1setBounds+0x1a2
j  com.sun.glass.ui.mac.MacWindow._setBounds(JIIZZIIIIFF)V+0
j  com.sun.glass.ui.Window.setBounds(IIZZIIIIFF)V+29
j  com.sun.javafx.tk.quantum.WindowStage.setBounds(FFZZFFFFFF)V+462
j  javafx.stage.Window$TKBoundsConfigurator.apply()V+110
j  javafx.stage.Window.applyBounds()V+4
j  javafx.stage.Window.adjustSize(Z)V+198
j  javafx.stage.Window.access$600(Ljavafx/stage/Window;Z)V+2
j  javafx.stage.Window$9.invalidated()V+281
j  javafx.beans.property.BooleanPropertyBase.markInvalid()V+13
j  javafx.beans.property.BooleanPropertyBase.set(Z)V+106
j  javafx.stage.Window.setShowing(Z)V+11
j  javafx.stage.Window.show()V+2
j  javafx.stage.Stage.show()V+1
j  Gui2048.start(Ljavafx/stage/Stage;)V+298
j  com.sun.javafx.application.LauncherImpl.lambda$launchApplication1$163(Ljava/util/concurrent/atomic/AtomicBoolean;Ljavafx/application/Application;)V+20
j  com.sun.javafx.application.LauncherImpl$$Lambda$53.run()V+8
j  com.sun.javafx.application.PlatformImpl.lambda$runAndWait$176(Ljava/lang/Runnable;Ljava/util/concurrent/CountDownLatch;)V+1
j  com.sun.javafx.application.PlatformImpl$$Lambda$47.run()V+8
j  com.sun.javafx.application.PlatformImpl.lambda$null$174(Ljava/lang/Runnable;)Ljava/lang/Void;+1
j  com.sun.javafx.application.PlatformImpl$$Lambda$49.run()Ljava/lang/Object;+4
v  ~StubRoutines::call_stub
V  [libjvm.dylib+0x2eab0e]
V  [libjvm.dylib+0x34afd8]
j  java.security.AccessController.doPrivileged(Ljava/security/PrivilegedAction;Ljava/security/AccessControlContext;)Ljava/lang/Object;+0
j  com.sun.javafx.application.PlatformImpl.lambda$runLater$175(Ljava/lang/Runnable;Ljava/security/AccessControlContext;)V+7
j  com.sun.javafx.application.PlatformImpl$$Lambda$48.run()V+8
j  com.sun.glass.ui.InvokeLaterDispatcher$Future.run()V+4
v  ~StubRoutines::call_stub
V  [libjvm.dylib+0x2eab0e]
V  [libjvm.dylib+0x321bb7]
V  [libjvm.dylib+0x31438b]
C  [libglass.dylib+0x463b]  -[GlassRunnable run]+0x6b
C  [Foundation+0x92dd0]  __NSThreadPerformPerform+0x125
C  [CoreFoundation+0x80a01]  __CFRUNLOOP_IS_CALLING_OUT_TO_A_SOURCE0_PERFORM_FUNCTION__+0x11
C  [CoreFoundation+0x72b8d]  __CFRunLoopDoSources0+0x10d
C  [CoreFoundation+0x721bf]  __CFRunLoopRun+0x39f
C  [CoreFoundation+0x71bd8]  CFRunLoopRunSpecific+0x128
C  [HIToolbox+0x3256f]  RunCurrentEventLoopInMode+0xeb
C  [HIToolbox+0x322ea]  ReceiveNextEventCommon+0x1af
C  [HIToolbox+0x3212b]  _BlockUntilNextEventMatchingListInModeWithFilter+0x47
C  [AppKit+0x918ab]  _DPSNextEvent+0x3d2
C  [AppKit+0x90e58]  -[NSApplication nextEventMatchingMask:untilDate:inMode:dequeue:]+0x15a
C  [AppKit+0x86af3]  -[NSApplication run]+0x252
C  [libglass.dylib+0x65ec]  -[GlassApplication runLoop:]+0x72c
C  [Foundation+0x92dd0]  __NSThreadPerformPerform+0x125
C  [CoreFoundation+0x80a01]  __CFRUNLOOP_IS_CALLING_OUT_TO_A_SOURCE0_PERFORM_FUNCTION__+0x11
C  [CoreFoundation+0x72b8d]  __CFRunLoopDoSources0+0x10d
C  [CoreFoundation+0x721bf]  __CFRunLoopRun+0x39f
C  [CoreFoundation+0x71bd8]  CFRunLoopRunSpecific+0x128
C  [java+0x6463]  CreateExecutionEnvironment+0x367
C  [java+0x21ac]  JLI_Launch+0x7a0
C  [java+0x84c0]  main+0x65
C  [java+0x1a04]  start+0x34
C  0x0000000000000004

Java frames: (J=compiled Java code, j=interpreted, Vv=VM code)
j  com.sun.glass.ui.mac.MacWindow._setBounds(JIIZZIIIIFF)V+0
j  com.sun.glass.ui.Window.setBounds(IIZZIIIIFF)V+29
j  com.sun.javafx.tk.quantum.WindowStage.setBounds(FFZZFFFFFF)V+462
j  javafx.stage.Window$TKBoundsConfigurator.apply()V+110
j  javafx.stage.Window.applyBounds()V+4
j  javafx.stage.Window.adjustSize(Z)V+198
j  javafx.stage.Window.access$600(Ljavafx/stage/Window;Z)V+2
j  javafx.stage.Window$9.invalidated()V+281
j  javafx.beans.property.BooleanPropertyBase.markInvalid()V+13
j  javafx.beans.property.BooleanPropertyBase.set(Z)V+106
j  javafx.stage.Window.setShowing(Z)V+11
j  javafx.stage.Window.show()V+2
j  javafx.stage.Stage.show()V+1
j  Gui2048.start(Ljavafx/stage/Stage;)V+298
j  com.sun.javafx.application.LauncherImpl.lambda$launchApplication1$163(Ljava/util/concurrent/atomic/AtomicBoolean;Ljavafx/application/Application;)V+20
j  com.sun.javafx.application.LauncherImpl$$Lambda$53.run()V+8
j  com.sun.javafx.application.PlatformImpl.lambda$runAndWait$176(Ljava/lang/Runnable;Ljava/util/concurrent/CountDownLatch;)V+1
j  com.sun.javafx.application.PlatformImpl$$Lambda$47.run()V+8
j  com.sun.javafx.application.PlatformImpl.lambda$null$174(Ljava/lang/Runnable;)Ljava/lang/Void;+1
j  com.sun.javafx.application.PlatformImpl$$Lambda$49.run()Ljava/lang/Object;+4
v  ~StubRoutines::call_stub
j  java.security.AccessController.doPrivileged(Ljava/security/PrivilegedAction;Ljava/security/AccessControlContext;)Ljava/lang/Object;+0
j  com.sun.javafx.application.PlatformImpl.lambda$runLater$175(Ljava/lang/Runnable;Ljava/security/AccessControlContext;)V+7
j  com.sun.javafx.application.PlatformImpl$$Lambda$48.run()V+8
j  com.sun.glass.ui.InvokeLaterDispatcher$Future.run()V+4
v  ~StubRoutines::call_stub

---------------  P R O C E S S  ---------------

Java Threads: ( => current thread )
  0x00007fa73a2a9000 JavaThread "Prism Font Disposer" daemon [_thread_blocked, id=48903, stack(0x000000012dce0000,0x000000012dde0000)]
  0x00007fa73a28b000 JavaThread "JavaFX-Launcher" [_thread_blocked, id=48131, stack(0x000000012d9d5000,0x000000012dad5000)]
  0x00007fa73987a800 JavaThread "Thread-3" daemon [_thread_in_native, id=35595, stack(0x000000012c753000,0x000000012c7d3000)]
=>0x00007fa73a219000 JavaThread "JavaFX Application Thread" [_thread_in_native, id=8463, stack(0x00007fff50030000,0x00007fff50830000)]
  0x00007fa73a21a000 JavaThread "Thread-1" daemon [_thread_blocked, id=24083, stack(0x0000000129b11000,0x0000000129c11000)]
  0x00007fa73a200000 JavaThread "QuantumRenderer-0" daemon [_thread_blocked, id=19203, stack(0x0000000128e4b000,0x0000000128f4b000)]
  0x00007fa73a091800 JavaThread "Service Thread" daemon [_thread_blocked, id=18179, stack(0x0000000128b74000,0x0000000128c74000)]
  0x00007fa73a059000 JavaThread "C1 CompilerThread2" daemon [_thread_blocked, id=17667, stack(0x0000000128a71000,0x0000000128b71000)]
  0x00007fa73a058000 JavaThread "C2 CompilerThread1" daemon [_thread_blocked, id=17155, stack(0x000000012896e000,0x0000000128a6e000)]
  0x00007fa739010800 JavaThread "C2 CompilerThread0" daemon [_thread_blocked, id=16643, stack(0x000000012886b000,0x000000012896b000)]
  0x00007fa739043800 JavaThread "Signal Dispatcher" daemon [_thread_blocked, id=12563, stack(0x0000000128768000,0x0000000128868000)]
  0x00007fa739037800 JavaThread "Finalizer" daemon [_thread_blocked, id=11523, stack(0x0000000126d44000,0x0000000126e44000)]
  0x00007fa73980d800 JavaThread "Reference Handler" daemon [_thread_blocked, id=11011, stack(0x0000000126c41000,0x0000000126d41000)]
  0x00007fa739802800 JavaThread "main" [_thread_blocked, id=3591, stack(0x000000010f4e7000,0x000000010f5e7000)]

Other Threads:
  0x00007fa73a01e000 VMThread [stack: 0x0000000126b3e000,0x0000000126c3e000] [id=10499]
  0x00007fa73a092800 WatcherThread [stack: 0x0000000128c77000,0x0000000128d77000] [id=18691]

VM state:not at safepoint (normal execution)

VM Mutex/Monitor currently owned by a thread: None

Heap:
 PSYoungGen      total 38400K, used 22039K [0x0000000795580000, 0x0000000798000000, 0x00000007c0000000)
  eden space 33280K, 66% used [0x0000000795580000,0x0000000796b05ef8,0x0000000797600000)
  from space 5120K, 0% used [0x0000000797b00000,0x0000000797b00000,0x0000000798000000)
  to   space 5120K, 0% used [0x0000000797600000,0x0000000797600000,0x0000000797b00000)
 ParOldGen       total 87552K, used 0K [0x0000000740000000, 0x0000000745580000, 0x0000000795580000)
  object space 87552K, 0% used [0x0000000740000000,0x0000000740000000,0x0000000745580000)
 Metaspace       used 10668K, capacity 11122K, committed 11392K, reserved 1058816K
  class space    used 1421K, capacity 1552K, committed 1664K, reserved 1048576K

Card table byte_map: [0x000000012018f000,0x0000000120590000] byte_map_base: 0x000000011c78f000

Marking Bits: (ParMarkBitMap*) 0x00000001106dee20
 Begin Bits: [0x0000000120c47000, 0x0000000122c47000)
 End Bits:   [0x0000000122c47000, 0x0000000124c47000)

Polling page: 0x000000010f5f7000

CodeCache: size=245760Kb used=2617Kb max_used=2626Kb free=243142Kb
 bounds [0x0000000110dcf000, 0x000000011106f000, 0x000000011fdcf000]
 total_blobs=1145 nmethods=629 adapters=430
 compilation: enabled

Compilation events (10 events):
Event: 0.814 Thread 0x00007fa73a059000 nmethod 625 0x000000011105b650 code [0x000000011105b7c0, 0x000000011105b990]
Event: 0.814 Thread 0x00007fa73a059000  626       3       com.sun.javafx.font.FontFileReader$Buffer::getChar (45 bytes)
Event: 0.815 Thread 0x00007fa73a059000 nmethod 626 0x000000011105b210 code [0x000000011105b380, 0x000000011105b530]
Event: 0.815 Thread 0x00007fa739010800 nmethod 623 0x000000011105ee10 code [0x000000011105efc0, 0x000000011105f938]
Event: 0.819 Thread 0x00007fa73a059000  627       3       javafx.beans.property.ObjectPropertyBase::get (29 bytes)
Event: 0.819 Thread 0x00007fa73a059000 nmethod 627 0x000000011105e950 code [0x000000011105eac0, 0x000000011105ed48]
Event: 0.820 Thread 0x00007fa73a059000  628       3       javafx.scene.layout.GridPane$CompositeSize::access$900 (6 bytes)
Event: 0.820 Thread 0x00007fa73a059000 nmethod 628 0x000000011105e490 code [0x000000011105e600, 0x000000011105e7d0]
Event: 0.820 Thread 0x00007fa73a059000  629       3       javafx.scene.layout.GridPane$CompositeSize::getSize (7 bytes)
Event: 0.820 Thread 0x00007fa73a059000 nmethod 629 0x000000011105d790 code [0x000000011105d900, 0x000000011105da70]

GC Heap History (0 events):
No events

Deoptimization events (7 events):
Event: 0.413 Thread 0x00007fa73a219000 Uncommon trap: reason=unstable_if action=reinterpret pc=0x0000000110f70384 method=java.lang.String.replace(CC)Ljava/lang/String; @ 26
Event: 0.471 Thread 0x00007fa73a219000 Uncommon trap: reason=unstable_if action=reinterpret pc=0x0000000110f93a98 method=java.lang.String.indexOf([CII[CIII)I @ 134
Event: 0.575 Thread 0x00007fa73a219000 Uncommon trap: reason=unstable_if action=reinterpret pc=0x0000000110fe2560 method=java.lang.CharacterData.of(I)Ljava/lang/CharacterData; @ 4
Event: 0.599 Thread 0x00007fa73a219000 Uncommon trap: reason=uninitialized action=reinterpret pc=0x0000000110ff6aac method=java.lang.CharacterData.of(I)Ljava/lang/CharacterData; @ 96
Event: 0.803 Thread 0x00007fa73a219000 Uncommon trap: reason=class_check action=maybe_recompile pc=0x0000000110eeee1c method=java.lang.String.equals(Ljava/lang/Object;)Z @ 8
Event: 0.803 Thread 0x00007fa73a219000 Uncommon trap: reason=class_check action=maybe_recompile pc=0x0000000110eeee1c method=java.lang.String.equals(Ljava/lang/Object;)Z @ 8
Event: 0.803 Thread 0x00007fa73a219000 Uncommon trap: reason=class_check action=maybe_recompile pc=0x0000000110eeee1c method=java.lang.String.equals(Ljava/lang/Object;)Z @ 8

Internal exceptions (10 events):
Event: 0.085 Thread 0x00007fa739802800 Exception <a 'java/security/PrivilegedActionException'> (0x0000000795783910) thrown at [/Users/java_re/workspace/8-2-build-macosx-x86_64/jdk8u60/4407/hotspot/src/share/vm/prims/jvm.cpp, line 1386]
Event: 0.128 Thread 0x00007fa739802800 Exception <a 'java/lang/NoSuchFieldError': method resolution failed> (0x0000000795890c30) thrown at [/Users/java_re/workspace/8-2-build-macosx-x86_64/jdk8u60/4407/hotspot/src/share/vm/prims/methodHandles.cpp, line 1146]
Event: 0.131 Thread 0x00007fa739802800 Exception <a 'java/lang/NoSuchFieldError': method resolution failed> (0x000000079589dfb0) thrown at [/Users/java_re/workspace/8-2-build-macosx-x86_64/jdk8u60/4407/hotspot/src/share/vm/prims/methodHandles.cpp, line 1146]
Event: 0.147 Thread 0x00007fa739802800 Exception <a 'java/security/PrivilegedActionException'> (0x000000079592bb80) thrown at [/Users/java_re/workspace/8-2-build-macosx-x86_64/jdk8u60/4407/hotspot/src/share/vm/prims/jvm.cpp, line 1386]
Event: 0.147 Thread 0x00007fa739802800 Exception <a 'java/security/PrivilegedActionException'> (0x000000079592bd90) thrown at [/Users/java_re/workspace/8-2-build-macosx-x86_64/jdk8u60/4407/hotspot/src/share/vm/prims/jvm.cpp, line 1386]
Event: 0.147 Thread 0x00007fa739802800 Exception <a 'java/security/PrivilegedActionException'> (0x000000079592f030) thrown at [/Users/java_re/workspace/8-2-build-macosx-x86_64/jdk8u60/4407/hotspot/src/share/vm/prims/jvm.cpp, line 1386]
Event: 0.148 Thread 0x00007fa739802800 Exception <a 'java/security/PrivilegedActionException'> (0x000000079592f240) thrown at [/Users/java_re/workspace/8-2-build-macosx-x86_64/jdk8u60/4407/hotspot/src/share/vm/prims/jvm.cpp, line 1386]
Event: 0.148 Thread 0x00007fa739802800 Exception <a 'java/lang/NullPointerException'> (0x0000000795930bb8) thrown at [/Users/java_re/workspace/8-2-build-macosx-x86_64/jdk8u60/4407/hotspot/src/share/vm/interpreter/linkResolver.cpp, line 1178]
Event: 0.448 Thread 0x00007fa73a219000 Exception <a 'java/lang/NullPointerException'> (0x000000079630f188) thrown at [/Users/java_re/workspace/8-2-build-macosx-x86_64/jdk8u60/4407/hotspot/src/share/vm/interpreter/linkResolver.cpp, line 1178]
Event: 0.448 Thread 0x00007fa73a219000 Exception <a 'java/lang/NullPointerException'> (0x000000079630f188) thrown at [/Users/java_re/workspace/8-2-build-macosx-x86_64/jdk8u60/4407/hotspot/src/share/vm/prims/jvm.cpp, line 1390]

Events (10 events):
Event: 0.819 loading class javafx/scene/layout/GridPane$7
Event: 0.819 loading class javafx/scene/layout/GridPane$7 done
Event: 0.819 loading class java/util/TreeMap$KeySet
Event: 0.819 loading class java/util/TreeMap$KeySet done
Event: 0.819 loading class java/util/TreeMap$KeyIterator
Event: 0.820 loading class java/util/TreeMap$KeyIterator done
Event: 0.820 loading class javafx/scene/layout/Region$11
Event: 0.820 loading class javafx/scene/layout/Region$11 done
Event: 0.821 loading class com/sun/javafx/tk/quantum/GlassViewEventHandler$ViewEventNotification
Event: 0.822 loading class com/sun/javafx/tk/quantum/GlassViewEventHandler$ViewEventNotification done


Dynamic libraries:
0x0000000002dde000 	/System/Library/Frameworks/Cocoa.framework/Versions/A/Cocoa
0x0000000002dde000 	/System/Library/Frameworks/Security.framework/Versions/A/Security
0x0000000002dde000 	/System/Library/Frameworks/ApplicationServices.framework/Versions/A/ApplicationServices
0x0000000002dde000 	/usr/lib/libz.1.dylib
0x0000000002dde000 	/usr/lib/libSystem.B.dylib
0x0000000002dde000 	/usr/lib/libobjc.A.dylib
0x0000000002dde000 	/System/Library/Frameworks/CoreFoundation.framework/Versions/A/CoreFoundation
0x0000000002dde000 	/System/Library/Frameworks/Foundation.framework/Versions/C/Foundation
0x0000000002dde000 	/System/Library/Frameworks/AppKit.framework/Versions/C/AppKit
0x0000000002dde000 	/System/Library/Frameworks/CoreData.framework/Versions/A/CoreData
0x0000000002dde000 	/System/Library/PrivateFrameworks/RemoteViewServices.framework/Versions/A/RemoteViewServices
0x0000000002dde000 	/System/Library/PrivateFrameworks/UIFoundation.framework/Versions/A/UIFoundation
0x0000000002dde000 	/System/Library/Frameworks/IOSurface.framework/Versions/A/IOSurface
0x0000000002dde000 	/System/Library/Frameworks/AudioToolbox.framework/Versions/A/AudioToolbox
0x0000000002dde000 	/System/Library/Frameworks/AudioUnit.framework/Versions/A/AudioUnit
0x0000000002dde000 	/System/Library/PrivateFrameworks/DataDetectorsCore.framework/Versions/A/DataDetectorsCore
0x0000000002dde000 	/System/Library/PrivateFrameworks/DesktopServicesPriv.framework/Versions/A/DesktopServicesPriv
0x0000000002dde000 	/System/Library/Frameworks/Carbon.framework/Versions/A/Frameworks/HIToolbox.framework/Versions/A/HIToolbox
0x0000000002dde000 	/System/Library/Frameworks/QuartzCore.framework/Versions/A/QuartzCore
0x0000000002dde000 	/System/Library/Frameworks/Carbon.framework/Versions/A/Frameworks/SpeechRecognition.framework/Versions/A/SpeechRecognition
0x0000000002dde000 	/usr/lib/libauto.dylib
0x0000000002dde000 	/usr/lib/libicucore.A.dylib
0x0000000002dde000 	/usr/lib/libxml2.2.dylib
0x0000000002dde000 	/System/Library/PrivateFrameworks/CoreUI.framework/Versions/A/CoreUI
0x0000000002dde000 	/System/Library/Frameworks/CoreAudio.framework/Versions/A/CoreAudio
0x0000000002dde000 	/System/Library/Frameworks/DiskArbitration.framework/Versions/A/DiskArbitration
0x0000000002dde000 	/usr/lib/liblangid.dylib
0x0000000002dde000 	/System/Library/PrivateFrameworks/MultitouchSupport.framework/Versions/A/MultitouchSupport
0x0000000002dde000 	/System/Library/Frameworks/IOKit.framework/Versions/A/IOKit
0x0000000002dde000 	/usr/lib/libDiagnosticMessagesClient.dylib
0x0000000002dde000 	/System/Library/Frameworks/CoreServices.framework/Versions/A/CoreServices
0x0000000002dde000 	/System/Library/PrivateFrameworks/PerformanceAnalysis.framework/Versions/A/PerformanceAnalysis
0x0000000002dde000 	/System/Library/PrivateFrameworks/GenerationalStorage.framework/Versions/A/GenerationalStorage
0x0000000002dde000 	/System/Library/Frameworks/OpenGL.framework/Versions/A/OpenGL
0x0000000002dde000 	/System/Library/PrivateFrameworks/Sharing.framework/Versions/A/Sharing
0x0000000002dde000 	/System/Library/Frameworks/CoreGraphics.framework/Versions/A/CoreGraphics
0x0000000002dde000 	/System/Library/Frameworks/CoreText.framework/Versions/A/CoreText
0x0000000002dde000 	/System/Library/Frameworks/ImageIO.framework/Versions/A/ImageIO
0x0000000002dde000 	/usr/lib/libextension.dylib
0x0000000002dde000 	/System/Library/PrivateFrameworks/Backup.framework/Versions/A/Backup
0x0000000002dde000 	/usr/lib/libarchive.2.dylib
0x0000000002dde000 	/System/Library/Frameworks/CFNetwork.framework/Versions/A/CFNetwork
0x0000000002dde000 	/System/Library/Frameworks/SystemConfiguration.framework/Versions/A/SystemConfiguration
0x0000000002dde000 	/usr/lib/libCRFSuite.dylib
0x0000000002dde000 	/usr/lib/libc++.1.dylib
0x0000000002dde000 	/usr/lib/libc++abi.dylib
0x0000000002dde000 	/usr/lib/system/libcache.dylib
0x0000000002dde000 	/usr/lib/system/libcommonCrypto.dylib
0x0000000002dde000 	/usr/lib/system/libcompiler_rt.dylib
0x0000000002dde000 	/usr/lib/system/libcopyfile.dylib
0x0000000002dde000 	/usr/lib/system/libcorecrypto.dylib
0x0000000002dde000 	/usr/lib/system/libdispatch.dylib
0x0000000002dde000 	/usr/lib/system/libdyld.dylib
0x0000000002dde000 	/usr/lib/system/libkeymgr.dylib
0x0000000002dde000 	/usr/lib/system/liblaunch.dylib
0x0000000002dde000 	/usr/lib/system/libmacho.dylib
0x0000000002dde000 	/usr/lib/system/libquarantine.dylib
0x0000000002dde000 	/usr/lib/system/libremovefile.dylib
0x0000000002dde000 	/usr/lib/system/libsystem_asl.dylib
0x0000000002dde000 	/usr/lib/system/libsystem_blocks.dylib
0x0000000002dde000 	/usr/lib/system/libsystem_c.dylib
0x0000000002dde000 	/usr/lib/system/libsystem_configuration.dylib
0x0000000002dde000 	/usr/lib/system/libsystem_coreservices.dylib
0x0000000002dde000 	/usr/lib/system/libsystem_coretls.dylib
0x0000000002dde000 	/usr/lib/system/libsystem_dnssd.dylib
0x0000000002dde000 	/usr/lib/system/libsystem_info.dylib
0x0000000002dde000 	/usr/lib/system/libsystem_kernel.dylib
0x0000000002dde000 	/usr/lib/system/libsystem_m.dylib
0x0000000002dde000 	/usr/lib/system/libsystem_malloc.dylib
0x0000000002dde000 	/usr/lib/system/libsystem_network.dylib
0x0000000002dde000 	/usr/lib/system/libsystem_networkextension.dylib
0x0000000002dde000 	/usr/lib/system/libsystem_notify.dylib
0x0000000002dde000 	/usr/lib/system/libsystem_platform.dylib
0x0000000002dde000 	/usr/lib/system/libsystem_pthread.dylib
0x0000000002dde000 	/usr/lib/system/libsystem_sandbox.dylib
0x0000000002dde000 	/usr/lib/system/libsystem_secinit.dylib
0x0000000002dde000 	/usr/lib/system/libsystem_stats.dylib
0x0000000002dde000 	/usr/lib/system/libsystem_trace.dylib
0x0000000002dde000 	/usr/lib/system/libunc.dylib
0x0000000002dde000 	/usr/lib/system/libunwind.dylib
0x0000000002dde000 	/usr/lib/system/libxpc.dylib
0x0000000002dde000 	/usr/lib/libbz2.1.0.dylib
0x0000000002dde000 	/usr/lib/liblzma.5.dylib
0x0000000002dde000 	/usr/lib/libbsm.0.dylib
0x0000000002dde000 	/usr/lib/libsqlite3.dylib
0x0000000002dde000 	/usr/lib/system/libkxld.dylib
0x0000000002dde000 	/usr/lib/libxar.1.dylib
0x0000000002dde000 	/usr/lib/libpam.2.dylib
0x0000000002dde000 	/usr/lib/libOpenScriptingUtil.dylib
0x0000000002dde000 	/System/Library/Frameworks/CoreServices.framework/Versions/A/Frameworks/FSEvents.framework/Versions/A/FSEvents
0x0000000002dde000 	/System/Library/Frameworks/CoreServices.framework/Versions/A/Frameworks/CarbonCore.framework/Versions/A/CarbonCore
0x0000000002dde000 	/System/Library/Frameworks/CoreServices.framework/Versions/A/Frameworks/Metadata.framework/Versions/A/Metadata
0x0000000002dde000 	/System/Library/Frameworks/CoreServices.framework/Versions/A/Frameworks/OSServices.framework/Versions/A/OSServices
0x0000000002dde000 	/System/Library/Frameworks/CoreServices.framework/Versions/A/Frameworks/SearchKit.framework/Versions/A/SearchKit
0x0000000002dde000 	/System/Library/Frameworks/CoreServices.framework/Versions/A/Frameworks/AE.framework/Versions/A/AE
0x0000000002dde000 	/System/Library/Frameworks/CoreServices.framework/Versions/A/Frameworks/LaunchServices.framework/Versions/A/LaunchServices
0x0000000002dde000 	/System/Library/Frameworks/CoreServices.framework/Versions/A/Frameworks/DictionaryServices.framework/Versions/A/DictionaryServices
0x0000000002dde000 	/System/Library/Frameworks/NetFS.framework/Versions/A/NetFS
0x0000000002dde000 	/System/Library/PrivateFrameworks/NetAuth.framework/Versions/A/NetAuth
0x0000000002dde000 	/System/Library/PrivateFrameworks/login.framework/Versions/A/Frameworks/loginsupport.framework/Versions/A/loginsupport
0x0000000002dde000 	/System/Library/PrivateFrameworks/TCC.framework/Versions/A/TCC
0x0000000002dde000 	/usr/lib/libmecabra.dylib
0x0000000002dde000 	/System/Library/Frameworks/ApplicationServices.framework/Versions/A/Frameworks/ATS.framework/Versions/A/ATS
0x0000000002dde000 	/System/Library/Frameworks/ApplicationServices.framework/Versions/A/Frameworks/ColorSync.framework/Versions/A/ColorSync
0x0000000002dde000 	/System/Library/Frameworks/ApplicationServices.framework/Versions/A/Frameworks/HIServices.framework/Versions/A/HIServices
0x0000000002dde000 	/System/Library/Frameworks/ApplicationServices.framework/Versions/A/Frameworks/LangAnalysis.framework/Versions/A/LangAnalysis
0x0000000002dde000 	/System/Library/Frameworks/ApplicationServices.framework/Versions/A/Frameworks/PrintCore.framework/Versions/A/PrintCore
0x0000000002dde000 	/System/Library/Frameworks/ApplicationServices.framework/Versions/A/Frameworks/QD.framework/Versions/A/QD
0x0000000002dde000 	/System/Library/Frameworks/ApplicationServices.framework/Versions/A/Frameworks/SpeechSynthesis.framework/Versions/A/SpeechSynthesis
0x0000000002dde000 	/System/Library/Frameworks/Accelerate.framework/Versions/A/Accelerate
0x0000000002dde000 	/System/Library/Frameworks/Accelerate.framework/Versions/A/Frameworks/vImage.framework/Versions/A/vImage
0x0000000002dde000 	/System/Library/Frameworks/Accelerate.framework/Versions/A/Frameworks/vecLib.framework/Versions/A/vecLib
0x0000000002dde000 	/System/Library/Frameworks/Accelerate.framework/Versions/A/Frameworks/vecLib.framework/Versions/A/libvDSP.dylib
0x0000000002dde000 	/System/Library/Frameworks/Accelerate.framework/Versions/A/Frameworks/vecLib.framework/Versions/A/libvMisc.dylib
0x0000000002dde000 	/System/Library/Frameworks/Accelerate.framework/Versions/A/Frameworks/vecLib.framework/Versions/A/libLAPACK.dylib
0x0000000002dde000 	/System/Library/Frameworks/Accelerate.framework/Versions/A/Frameworks/vecLib.framework/Versions/A/libBLAS.dylib
0x0000000002dde000 	/System/Library/Frameworks/Accelerate.framework/Versions/A/Frameworks/vecLib.framework/Versions/A/libLinearAlgebra.dylib
0x0000000002dde000 	/System/Library/Frameworks/ApplicationServices.framework/Versions/A/Frameworks/ATS.framework/Versions/A/Resources/libFontParser.dylib
0x0000000002dde000 	/System/Library/Frameworks/ApplicationServices.framework/Versions/A/Frameworks/ATS.framework/Versions/A/Resources/libFontRegistry.dylib
0x0000000002dde000 	/System/Library/PrivateFrameworks/AppleVPA.framework/Versions/A/AppleVPA
0x0000000002dde000 	/System/Library/PrivateFrameworks/AppleJPEG.framework/Versions/A/AppleJPEG
0x0000000002dde000 	/System/Library/Frameworks/ImageIO.framework/Versions/A/Resources/libJPEG.dylib
0x0000000002dde000 	/System/Library/Frameworks/ImageIO.framework/Versions/A/Resources/libTIFF.dylib
0x0000000002dde000 	/System/Library/Frameworks/ImageIO.framework/Versions/A/Resources/libPng.dylib
0x0000000002dde000 	/System/Library/Frameworks/ImageIO.framework/Versions/A/Resources/libGIF.dylib
0x0000000002dde000 	/System/Library/Frameworks/ImageIO.framework/Versions/A/Resources/libJP2.dylib
0x0000000002dde000 	/System/Library/Frameworks/ImageIO.framework/Versions/A/Resources/libRadiance.dylib
0x0000000002dde000 	/System/Library/Frameworks/CoreVideo.framework/Versions/A/CoreVideo
0x0000000002dde000 	/System/Library/Frameworks/OpenGL.framework/Versions/A/Libraries/libGLU.dylib
0x0000000002dde000 	/System/Library/Frameworks/OpenGL.framework/Versions/A/Libraries/libGFXShared.dylib
0x0000000002dde000 	/System/Library/Frameworks/OpenGL.framework/Versions/A/Libraries/libGL.dylib
0x0000000002dde000 	/System/Library/Frameworks/OpenGL.framework/Versions/A/Libraries/libGLImage.dylib
0x0000000002dde000 	/System/Library/Frameworks/OpenGL.framework/Versions/A/Libraries/libCVMSPluginSupport.dylib
0x0000000002dde000 	/System/Library/Frameworks/OpenGL.framework/Versions/A/Libraries/libCoreVMClient.dylib
0x0000000002dde000 	/usr/lib/libcups.2.dylib
0x0000000002dde000 	/System/Library/Frameworks/Kerberos.framework/Versions/A/Kerberos
0x0000000002dde000 	/System/Library/Frameworks/GSS.framework/Versions/A/GSS
0x0000000002dde000 	/usr/lib/libresolv.9.dylib
0x0000000002dde000 	/usr/lib/libiconv.2.dylib
0x0000000002dde000 	/System/Library/PrivateFrameworks/Heimdal.framework/Versions/A/Heimdal
0x0000000002dde000 	/usr/lib/libheimdal-asn1.dylib
0x0000000002dde000 	/System/Library/Frameworks/OpenDirectory.framework/Versions/A/OpenDirectory
0x0000000002dde000 	/System/Library/PrivateFrameworks/CommonAuth.framework/Versions/A/CommonAuth
0x0000000002dde000 	/System/Library/Frameworks/OpenDirectory.framework/Versions/A/Frameworks/CFOpenDirectory.framework/Versions/A/CFOpenDirectory
0x0000000002dde000 	/System/Library/Frameworks/SecurityFoundation.framework/Versions/A/SecurityFoundation
0x0000000002dde000 	/System/Library/PrivateFrameworks/LanguageModeling.framework/Versions/A/LanguageModeling
0x0000000002dde000 	/usr/lib/libcmph.dylib
0x0000000002dde000 	/System/Library/Frameworks/ServiceManagement.framework/Versions/A/ServiceManagement
0x0000000002dde000 	/usr/lib/libxslt.1.dylib
0x0000000002dde000 	/System/Library/Frameworks/Carbon.framework/Versions/A/Frameworks/Ink.framework/Versions/A/Ink
0x0000000002dde000 	/System/Library/Frameworks/QuartzCore.framework/Versions/A/Frameworks/CoreImage.framework/Versions/A/CoreImage
0x0000000002dde000 	/System/Library/PrivateFrameworks/CrashReporterSupport.framework/Versions/A/CrashReporterSupport
0x0000000002dde000 	/System/Library/Frameworks/OpenCL.framework/Versions/A/OpenCL
0x0000000002dde000 	/System/Library/PrivateFrameworks/FaceCore.framework/Versions/A/FaceCore
0x0000000002dde000 	/System/Library/PrivateFrameworks/Ubiquity.framework/Versions/A/Ubiquity
0x0000000002dde000 	/System/Library/PrivateFrameworks/IconServices.framework/Versions/A/IconServices
0x0000000002dde000 	/System/Library/PrivateFrameworks/ChunkingLibrary.framework/Versions/A/ChunkingLibrary
0x0000000002dde000 	/System/Library/PrivateFrameworks/Apple80211.framework/Versions/A/Apple80211
0x0000000002dde000 	/System/Library/Frameworks/CoreWLAN.framework/Versions/A/CoreWLAN
0x0000000002dde000 	/System/Library/Frameworks/IOBluetooth.framework/Versions/A/IOBluetooth
0x0000000002dde000 	/System/Library/PrivateFrameworks/CoreWiFi.framework/Versions/A/CoreWiFi
0x0000000002dde000 	/System/Library/Frameworks/CoreBluetooth.framework/Versions/A/CoreBluetooth
0x0000000002dde000 	/System/Library/PrivateFrameworks/DebugSymbols.framework/Versions/A/DebugSymbols
0x0000000002dde000 	/System/Library/PrivateFrameworks/CoreSymbolication.framework/Versions/A/CoreSymbolication
0x0000000002dde000 	/System/Library/PrivateFrameworks/Symbolication.framework/Versions/A/Symbolication
0x0000000002dde000 	/System/Library/PrivateFrameworks/SpeechRecognitionCore.framework/Versions/A/SpeechRecognitionCore
0x000000010fe00000 	/Library/Java/JavaVirtualMachines/jdk1.8.0_60.jdk/Contents/Home/jre/lib/server/libjvm.dylib
0x0000000002dde000 	/usr/lib/libstdc++.6.dylib
0x000000010f5e9000 	/Library/Java/JavaVirtualMachines/jdk1.8.0_60.jdk/Contents/Home/jre/lib/libverify.dylib
0x0000000110d89000 	/Library/Java/JavaVirtualMachines/jdk1.8.0_60.jdk/Contents/Home/jre/lib/libjava.dylib
0x0000000110dc6000 	/Library/Java/JavaVirtualMachines/jdk1.8.0_60.jdk/Contents/Home/jre/lib/libzip.dylib
0x0000000126e46000 	/System/Library/Frameworks/JavaVM.framework/Frameworks/JavaRuntimeSupport.framework/JavaRuntimeSupport
0x0000000126e61000 	/System/Library/Frameworks/JavaVM.framework/Versions/A/Frameworks/JavaNativeFoundation.framework/Versions/A/JavaNativeFoundation
0x0000000126e76000 	/System/Library/Frameworks/JavaVM.framework/Versions/A/JavaVM
0x0000000002dde000 	/System/Library/Frameworks/Carbon.framework/Versions/A/Carbon
0x0000000126e83000 	/System/Library/PrivateFrameworks/JavaLaunching.framework/Versions/A/JavaLaunching
0x0000000002dde000 	/System/Library/Frameworks/Carbon.framework/Versions/A/Frameworks/CommonPanels.framework/Versions/A/CommonPanels
0x0000000002dde000 	/System/Library/Frameworks/Carbon.framework/Versions/A/Frameworks/Help.framework/Versions/A/Help
0x0000000002dde000 	/System/Library/Frameworks/Carbon.framework/Versions/A/Frameworks/ImageCapture.framework/Versions/A/ImageCapture
0x0000000002dde000 	/System/Library/Frameworks/Carbon.framework/Versions/A/Frameworks/OpenScripting.framework/Versions/A/OpenScripting
0x0000000002dde000 	/System/Library/Frameworks/Carbon.framework/Versions/A/Frameworks/Print.framework/Versions/A/Print
0x0000000002dde000 	/System/Library/Frameworks/Carbon.framework/Versions/A/Frameworks/SecurityHI.framework/Versions/A/SecurityHI
0x0000000128f4d000 	/Library/Java/JavaVirtualMachines/jdk1.8.0_60.jdk/Contents/Home/jre/lib/libprism_es2.dylib
0x0000000002dde000 	/System/Library/Frameworks/OpenGL.framework/Versions/A/Resources/GLEngine.bundle/GLEngine
0x0000000002dde000 	/System/Library/Frameworks/OpenGL.framework/Versions/A/Libraries/libGLProgrammability.dylib
0x0000000128fce000 	/System/Library/Extensions/AppleIntelBDWGraphicsGLDriver.bundle/Contents/MacOS/AppleIntelBDWGraphicsGLDriver
0x0000000002dde000 	/System/Library/PrivateFrameworks/IOAccelerator.framework/Versions/A/IOAccelerator
0x0000000002dde000 	/System/Library/PrivateFrameworks/GPUSupport.framework/Versions/A/Libraries/libGPUSupportMercury.dylib
0x0000000002dde000 	/System/Library/Frameworks/OpenGL.framework/Versions/A/Resources/GLRendererFloat.bundle/GLRendererFloat
0x0000000002dde000 	/System/Library/Frameworks/OpenCL.framework/Versions/A/Libraries/libcldcpuengine.dylib
0x0000000002dde000 	/System/Library/PrivateFrameworks/DiskImages.framework/Versions/A/DiskImages
0x0000000002dde000 	/System/Library/Frameworks/DiscRecording.framework/Versions/A/DiscRecording
0x0000000002dde000 	/usr/lib/libcsfde.dylib
0x0000000002dde000 	/usr/lib/libcurl.4.dylib
0x0000000002dde000 	/System/Library/PrivateFrameworks/MediaKit.framework/Versions/A/MediaKit
0x0000000002dde000 	/System/Library/PrivateFrameworks/ProtectedCloudStorage.framework/Versions/A/ProtectedCloudStorage
0x0000000002dde000 	/usr/lib/libCoreStorage.dylib
0x0000000002dde000 	/System/Library/PrivateFrameworks/EFILogin.framework/Versions/A/EFILogin
0x0000000002dde000 	/usr/lib/libutil.dylib
0x0000000002dde000 	/System/Library/PrivateFrameworks/FindMyDevice.framework/Versions/A/FindMyDevice
0x0000000002dde000 	/System/Library/Frameworks/LDAP.framework/Versions/A/LDAP
0x0000000002dde000 	/usr/lib/libsasl2.2.dylib
0x0000000002dde000 	/System/Library/PrivateFrameworks/CoreDaemon.framework/Versions/B/CoreDaemon
0x0000000002dde000 	/usr/lib/libcrypto.0.9.8.dylib
0x0000000002dde000 	/System/Library/PrivateFrameworks/AppleSRP.framework/Versions/A/AppleSRP
0x0000000002dde000 	/System/Library/PrivateFrameworks/TrustEvaluationAgent.framework/Versions/A/TrustEvaluationAgent
0x0000000129ab1000 	/Library/Java/JavaVirtualMachines/jdk1.8.0_60.jdk/Contents/Home/jre/lib/libglass.dylib
0x0000000002dde000 	/System/Library/PrivateFrameworks/CoreServicesInternal.framework/Versions/A/CoreServicesInternal
0x0000000002dde000 	/System/Library/PrivateFrameworks/CloudDocs.framework/Versions/A/CloudDocs
0x0000000002dde000 	/System/Library/PrivateFrameworks/CoreDuet.framework/Versions/A/CoreDuet
0x0000000002dde000 	/System/Library/Frameworks/CloudKit.framework/Versions/A/CloudKit
0x0000000002dde000 	/System/Library/PrivateFrameworks/ProtocolBuffer.framework/Versions/A/ProtocolBuffer
0x0000000002dde000 	/System/Library/PrivateFrameworks/CoreDuetDaemonProtocol.framework/Versions/A/CoreDuetDaemonProtocol
0x0000000002dde000 	/System/Library/PrivateFrameworks/CoreDuetDebugLogging.framework/Versions/A/CoreDuetDebugLogging
0x0000000002dde000 	/System/Library/PrivateFrameworks/MMCS.framework/Versions/A/MMCS
0x0000000002dde000 	/System/Library/Frameworks/CoreLocation.framework/Versions/A/CoreLocation
0x0000000002dde000 	/System/Library/PrivateFrameworks/GeoServices.framework/Versions/A/GeoServices
0x0000000002dde000 	/System/Library/Frameworks/CoreGraphics.framework/Versions/A/Resources/libCGCMS.A.dylib
0x0000000002dde000 	/System/Library/CoreServices/RawCamera.bundle/Contents/MacOS/RawCamera
0x0000000002dde000 	/System/Library/Frameworks/CoreGraphics.framework/Versions/A/Resources/libRIP.A.dylib
0x0000000002dde000 	/System/Library/PrivateFrameworks/FamilyControls.framework/Versions/A/FamilyControls
0x0000000002dde000 	/System/Library/PrivateFrameworks/CommerceKit.framework/Versions/A/Frameworks/CommerceCore.framework/Versions/A/CommerceCore
0x0000000002dde000 	/System/Library/PrivateFrameworks/SystemAdministration.framework/Versions/A/SystemAdministration
0x0000000002dde000 	/System/Library/PrivateFrameworks/AppContainer.framework/Versions/A/AppContainer
0x0000000002dde000 	/System/Library/PrivateFrameworks/SecCodeWrapper.framework/Versions/A/SecCodeWrapper
0x0000000002dde000 	/System/Library/Frameworks/DirectoryService.framework/Versions/A/DirectoryService
0x0000000002dde000 	/System/Library/PrivateFrameworks/LoginUIKit.framework/Versions/A/Frameworks/LoginUICore.framework/Versions/A/LoginUICore
0x0000000002dde000 	/usr/lib/libodfde.dylib
0x000000012dad7000 	/Library/Java/JavaVirtualMachines/jdk1.8.0_60.jdk/Contents/Home/jre/lib/libjavafx_font.dylib
0x0000000002dde000 	/System/Library/Frameworks/CoreGraphics.framework/Versions/A/Resources/libCGXType.A.dylib

VM Arguments:
java_command: Gui2048 -s 300
java_class_path (initial): .
Launcher Type: SUN_STANDARD

Environment Variables:
PATH=/usr/local/bin:/usr/bin:/bin:/usr/sbin:/sbin:/Library/TeX/texbin
SHELL=/bin/bash

Signal Handlers:
SIGSEGV: [libjvm.dylib+0x5a6d31], sa_mask[0]=11111111011111110111111111111111, sa_flags=SA_ONSTACK|SA_RESTART|SA_SIGINFO
SIGBUS: [libjvm.dylib+0x5a6d31], sa_mask[0]=11111111011111110111111111111111, sa_flags=SA_RESTART|SA_SIGINFO
SIGFPE: [libjvm.dylib+0x480a4c], sa_mask[0]=11111111011111110111111111111111, sa_flags=SA_RESTART|SA_SIGINFO
SIGPIPE: [libjvm.dylib+0x480a4c], sa_mask[0]=11111111011111110111111111111111, sa_flags=SA_RESTART|SA_SIGINFO
SIGXFSZ: [libjvm.dylib+0x480a4c], sa_mask[0]=11111111011111110111111111111111, sa_flags=SA_RESTART|SA_SIGINFO
SIGILL: [libjvm.dylib+0x480a4c], sa_mask[0]=11111111011111110111111111111111, sa_flags=SA_RESTART|SA_SIGINFO
SIGUSR1: SIG_DFL, sa_mask[0]=11011111011111100000000111000110, sa_flags=none
SIGUSR2: [libjvm.dylib+0x48056a], sa_mask[0]=00000000000000000000000000000000, sa_flags=SA_RESTART|SA_SIGINFO
SIGHUP: [libjvm.dylib+0x47eb41], sa_mask[0]=11111111011111110111111111111111, sa_flags=SA_RESTART|SA_SIGINFO
SIGINT: [libjvm.dylib+0x47eb41], sa_mask[0]=11111111011111110111111111111111, sa_flags=SA_RESTART|SA_SIGINFO
SIGTERM: [libjvm.dylib+0x47eb41], sa_mask[0]=11111111011111110111111111111111, sa_flags=SA_RESTART|SA_SIGINFO
SIGQUIT: [libjvm.dylib+0x47eb41], sa_mask[0]=11111111011111110111111111111111, sa_flags=SA_RESTART|SA_SIGINFO


---------------  S Y S T E M  ---------------

OS:Bsduname:Darwin 14.5.0 Darwin Kernel Version 14.5.0: Wed Jul 29 02:26:53 PDT 2015; root:xnu-2782.40.9~1/RELEASE_X86_64 x86_64
rlimit: STACK 8192k, CORE 0k, NPROC 709, NOFILE 10240, AS infinity
load average:3.01 2.25 2.07

CPU:total 4 (2 cores per cpu, 2 threads per core) family 6 model 61 stepping 4, cmov, cx8, fxsr, mmx, sse, sse2, sse3, ssse3, sse4.1, sse4.2, popcnt, avx, avx2, aes, clmul, erms, 3dnowpref, lzcnt, ht, tsc, tscinvbit, bmi1, bmi2, adx

Memory: 4k page, physical 8388608k(1117012k free)

/proc/meminfo:


vm_info: Java HotSpot(TM) 64-Bit Server VM (25.60-b23) for bsd-amd64 JRE (1.8.0_60-b27), built on Aug  4 2015 10:47:24 by "java_re" with gcc 4.2.1 (Based on Apple Inc. build 5658) (LLVM build 2336.11.00)

time: Thu Mar  3 20:41:41 2016
elapsed time: 0 seconds (0d 0h 0m 0s)

